<?xml version="1.0" encoding="UTF-8"?>
<!-- Generated by org.testng.reporters.JUnitReportReporter -->
<testsuite hostname="16DECB210A-12" failures="0" tests="2" name="com.bhavya.AppTest" time="0.012" errors="0" timestamp="2023-03-03T16:52:07 IST" skipped="0">
  <testcase classname="com.bhavya.AppTest" name="testlogin2" time="0.000"/>
  <system-out/>
  <testcase classname="com.bhavya.AppTest" name="testlogin1" time="0.012"/>
  <system-out/>
</testsuite> <!-- com.bhavya.AppTest -->
